This is pdfTeX, Version 3.141592653-2.6-1.40.22 (MiKTeX 21.3) (preloaded format=pdflatex 2021.3.15)  14 JUN 2021 11:46
entering extended mode
**./ip6-thesis-palim-palim.tex
(ip6-thesis-palim-palim.tex
LaTeX2e <2020-10-01> patch level 4
L3 programming layer <2021-02-18> xparse <2020-03-03>
(C:\Users\danio\AppData\Local\Programs\MiKTeX\tex/latex/base\report.cls
Document Class: report 2020/04/10 v1.4m Standard LaTeX document class
(C:\Users\danio\AppData\Local\Programs\MiKTeX\tex/latex/base\size12.clo
File: size12.clo 2020/04/10 v1.4m Standard LaTeX file (size option)
)
\c@part=\count179
\c@chapter=\count180
\c@section=\count181
\c@subsection=\count182
\c@subsubsection=\count183
\c@paragraph=\count184
\c@subparagraph=\count185
\c@figure=\count186
\c@table=\count187
\abovecaptionskip=\skip47
\belowcaptionskip=\skip48
\bibindent=\dimen138
)
(C:\Users\danio\AppData\Local\Programs\MiKTeX\tex/latex/biblatex\biblatex.sty
Package: biblatex 2020/12/31 v3.16 programmable bibliographies (PK/MW)

(C:\Users\danio\AppData\Local\Programs\MiKTeX\tex/generic/pdftexcmds\pdftexcmds
.sty
Package: pdftexcmds 2020-06-27 v0.33 Utility functions of pdfTeX for LuaTeX (HO
)

(C:\Users\danio\AppData\Local\Programs\MiKTeX\tex/generic/infwarerr\infwarerr.s
ty
Package: infwarerr 2019/12/03 v1.5 Providing info/warning/error messages (HO)
) (C:\Users\danio\AppData\Local\Programs\MiKTeX\tex/generic/iftex\iftex.sty
Package: iftex 2020/03/06 v1.0d TeX engine tests
)
(C:\Users\danio\AppData\Local\Programs\MiKTeX\tex/generic/ltxcmds\ltxcmds.sty
Package: ltxcmds 2020-05-10 v1.25 LaTeX kernel commands for general use (HO)
)
Package pdftexcmds Info: \pdf@primitive is available.
Package pdftexcmds Info: \pdf@ifprimitive is available.
Package pdftexcmds Info: \pdfdraftmode found.
) (C:\Users\danio\AppData\Local\Programs\MiKTeX\tex/latex/etoolbox\etoolbox.sty
Package: etoolbox 2020/10/05 v2.5k e-TeX tools for LaTeX (JAW)
\etb@tempcnta=\count188
) (C:\Users\danio\AppData\Local\Programs\MiKTeX\tex/latex/graphics\keyval.sty
Package: keyval 2014/10/28 v1.15 key=value parser (DPC)
\KV@toks@=\toks15
)
(C:\Users\danio\AppData\Local\Programs\MiKTeX\tex/latex/kvoptions\kvoptions.sty
Package: kvoptions 2020-10-07 v3.14 Key value format for package options (HO)

(C:\Users\danio\AppData\Local\Programs\MiKTeX\tex/generic/kvsetkeys\kvsetkeys.s
ty
Package: kvsetkeys 2019/12/15 v1.18 Key value parser (HO)
)) (C:\Users\danio\AppData\Local\Programs\MiKTeX\tex/latex/logreq\logreq.sty
Package: logreq 2010/08/04 v1.0 xml request logger
\lrq@indent=\count189

(C:\Users\danio\AppData\Local\Programs\MiKTeX\tex/latex/logreq\logreq.def
File: logreq.def 2010/08/04 v1.0 logreq spec v1.0
))
(C:\Users\danio\AppData\Local\Programs\MiKTeX\tex/latex/base\ifthen.sty
Package: ifthen 2014/09/29 v1.1c Standard LaTeX ifthen package (DPC)
)
(C:\Users\danio\AppData\Local\Programs\MiKTeX\tex/latex/url\url.sty
\Urlmuskip=\muskip16
Package: url 2013/09/16  ver 3.4  Verb mode for urls, etc.
)
\c@tabx@nest=\count190
\c@listtotal=\count191
\c@listcount=\count192
\c@liststart=\count193
\c@liststop=\count194
\c@citecount=\count195
\c@citetotal=\count196
\c@multicitecount=\count197
\c@multicitetotal=\count198
\c@instcount=\count199
\c@maxnames=\count266
\c@minnames=\count267
\c@maxitems=\count268
\c@minitems=\count269
\c@citecounter=\count270
\c@maxcitecounter=\count271
\c@savedcitecounter=\count272
\c@uniquelist=\count273
\c@uniquename=\count274
\c@refsection=\count275
\c@refsegment=\count276
\c@maxextratitle=\count277
\c@maxextratitleyear=\count278
\c@maxextraname=\count279
\c@maxextradate=\count280
\c@maxextraalpha=\count281
\c@abbrvpenalty=\count282
\c@highnamepenalty=\count283
\c@lownamepenalty=\count284
\c@maxparens=\count285
\c@parenlevel=\count286
\blx@tempcnta=\count287
\blx@tempcntb=\count288
\blx@tempcntc=\count289
\blx@maxsection=\count290
\blx@maxsegment@0=\count291
\blx@notetype=\count292
\blx@parenlevel@text=\count293
\blx@parenlevel@foot=\count294
\blx@sectionciteorder@0=\count295
\blx@entrysetcounter=\count296
\blx@biblioinstance=\count297
\labelnumberwidth=\skip49
\labelalphawidth=\skip50
\biblabelsep=\skip51
\bibitemsep=\skip52
\bibnamesep=\skip53
\bibinitsep=\skip54
\bibparsep=\skip55
\bibhang=\skip56
\blx@bcfin=\read2
\blx@bcfout=\write3
\blx@langwohyphens=\language79
\c@mincomprange=\count298
\c@maxcomprange=\count299
\c@mincompwidth=\count300
Package biblatex Info: Trying to load biblatex default data model...
Package biblatex Info: ... file 'blx-dm.def' found.

(C:\Users\danio\AppData\Local\Programs\MiKTeX\tex/latex/biblatex\blx-dm.def
File: blx-dm.def 2020/12/31 v3.16 biblatex localization (PK/MW)
)
Package biblatex Info: Trying to load biblatex style data model...
Package biblatex Info: ... file 'numeric.dbx' not found.
Package biblatex Info: Trying to load biblatex custom data model...
Package biblatex Info: ... file 'biblatex-dm.cfg' not found.
\c@afterword=\count301
\c@savedafterword=\count302
\c@annotator=\count303
\c@savedannotator=\count304
\c@author=\count305
\c@savedauthor=\count306
\c@bookauthor=\count307
\c@savedbookauthor=\count308
\c@commentator=\count309
\c@savedcommentator=\count310
\c@editor=\count311
\c@savededitor=\count312
\c@editora=\count313
\c@savededitora=\count314
\c@editorb=\count315
\c@savededitorb=\count316
\c@editorc=\count317
\c@savededitorc=\count318
\c@foreword=\count319
\c@savedforeword=\count320
\c@holder=\count321
\c@savedholder=\count322
\c@introduction=\count323
\c@savedintroduction=\count324
\c@namea=\count325
\c@savednamea=\count326
\c@nameb=\count327
\c@savednameb=\count328
\c@namec=\count329
\c@savednamec=\count330
\c@translator=\count331
\c@savedtranslator=\count332
\c@shortauthor=\count333
\c@savedshortauthor=\count334
\c@shorteditor=\count335
\c@savedshorteditor=\count336
\c@labelname=\count337
\c@savedlabelname=\count338
\c@institution=\count339
\c@savedinstitution=\count340
\c@lista=\count341
\c@savedlista=\count342
\c@listb=\count343
\c@savedlistb=\count344
\c@listc=\count345
\c@savedlistc=\count346
\c@listd=\count347
\c@savedlistd=\count348
\c@liste=\count349
\c@savedliste=\count350
\c@listf=\count351
\c@savedlistf=\count352
\c@location=\count353
\c@savedlocation=\count354
\c@organization=\count355
\c@savedorganization=\count356
\c@origlocation=\count357
\c@savedoriglocation=\count358
\c@origpublisher=\count359
\c@savedorigpublisher=\count360
\c@publisher=\count361
\c@savedpublisher=\count362
\c@language=\count363
\c@savedlanguage=\count364
\c@origlanguage=\count365
\c@savedoriglanguage=\count366
\c@pageref=\count367
\c@savedpageref=\count368
\shorthandwidth=\skip57
\shortjournalwidth=\skip58
\shortserieswidth=\skip59
\shorttitlewidth=\skip60
\shortauthorwidth=\skip61
\shorteditorwidth=\skip62
\locallabelnumberwidth=\skip63
\locallabelalphawidth=\skip64
\localshorthandwidth=\skip65
\localshortjournalwidth=\skip66
\localshortserieswidth=\skip67
\localshorttitlewidth=\skip68
\localshortauthorwidth=\skip69
\localshorteditorwidth=\skip70
Package biblatex Info: Trying to load compatibility code...
Package biblatex Info: ... file 'blx-compat.def' found.

(C:\Users\danio\AppData\Local\Programs\MiKTeX\tex/latex/biblatex\blx-compat.def
File: blx-compat.def 2020/12/31 v3.16 biblatex compatibility (PK/MW)
)
Package biblatex Info: Trying to load BibTeX backend compatibility...
Package biblatex Info: ... file 'blx-bibtex.def' found.

(C:\Users\danio\AppData\Local\Programs\MiKTeX\tex/latex/biblatex\blx-bibtex.def
File: blx-bibtex.def 2020/12/31 v3.16 biblatex compatibility (PK/MW)

Package biblatex Warning: Using fall-back BibTeX(8) backend:
(biblatex)                functionality may be reduced/unavailable.

)
Package biblatex Info: Trying to load generic definitions...
Package biblatex Info: ... file 'biblatex.def' found.
 (C:\Users\danio\AppData\Local\Programs\MiKTeX\tex/latex/biblatex\biblatex.def
File: biblatex.def 2020/12/31 v3.16 biblatex compatibility (PK/MW)
\c@textcitecount=\count369
\c@textcitetotal=\count370
\c@textcitemaxnames=\count371
\c@biburlbigbreakpenalty=\count372
\c@biburlbreakpenalty=\count373
\c@biburlnumpenalty=\count374
\c@biburlucpenalty=\count375
\c@biburllcpenalty=\count376
\biburlbigskip=\muskip17
\biburlnumskip=\muskip18
\biburlucskip=\muskip19
\biburllcskip=\muskip20
\c@smartand=\count377
)
Package biblatex Info: Trying to load bibliography style 'numeric'...
Package biblatex Info: ... file 'numeric.bbx' found.

(C:\Users\danio\AppData\Local\Programs\MiKTeX\tex/latex/biblatex/bbx\numeric.bb
x
File: numeric.bbx 2020/12/31 v3.16 biblatex bibliography style (PK/MW)
Package biblatex Info: Trying to load bibliography style 'standard'...
Package biblatex Info: ... file 'standard.bbx' found.

(C:\Users\danio\AppData\Local\Programs\MiKTeX\tex/latex/biblatex/bbx\standard.b
bx
File: standard.bbx 2020/12/31 v3.16 biblatex bibliography style (PK/MW)
\c@bbx:relatedcount=\count378
\c@bbx:relatedtotal=\count379
))
Package biblatex Info: Trying to load citation style 'numeric'...
Package biblatex Info: ... file 'numeric.cbx' found.

(C:\Users\danio\AppData\Local\Programs\MiKTeX\tex/latex/biblatex/cbx\numeric.cb
x
File: numeric.cbx 2020/12/31 v3.16 biblatex citation style (PK/MW)
Package biblatex Info: Redefining '\cite'.
Package biblatex Info: Redefining '\parencite'.
Package biblatex Info: Redefining '\footcite'.
Package biblatex Info: Redefining '\footcitetext'.
Package biblatex Info: Redefining '\smartcite'.
Package biblatex Info: Redefining '\supercite'.
Package biblatex Info: Redefining '\textcite'.
Package biblatex Info: Redefining '\textcites'.
Package biblatex Info: Redefining '\cites'.
Package biblatex Info: Redefining '\parencites'.
Package biblatex Info: Redefining '\smartcites'.
)
Package biblatex Info: Trying to load configuration file...
Package biblatex Info: ... file 'biblatex.cfg' found.

(C:\Users\danio\AppData\Local\Programs\MiKTeX\tex/latex/biblatex\biblatex.cfg
File: biblatex.cfg 
)) (C:\Users\danio\AppData\Local\Programs\MiKTeX\tex/latex/graphics\graphicx.st
y
Package: graphicx 2020/09/09 v1.2b Enhanced LaTeX Graphics (DPC,SPQR)

(C:\Users\danio\AppData\Local\Programs\MiKTeX\tex/latex/graphics\graphics.sty
Package: graphics 2020/08/30 v1.4c Standard LaTeX Graphics (DPC,SPQR)

(C:\Users\danio\AppData\Local\Programs\MiKTeX\tex/latex/graphics\trig.sty
Package: trig 2016/01/03 v1.10 sin cos tan (DPC)
)
(C:\Users\danio\AppData\Local\Programs\MiKTeX\tex/latex/graphics-cfg\graphics.c
fg
File: graphics.cfg 2016/06/04 v1.11 sample graphics configuration
)
Package graphics Info: Driver file: pdftex.def on input line 105.

(C:\Users\danio\AppData\Local\Programs\MiKTeX\tex/latex/graphics-def\pdftex.def
File: pdftex.def 2020/10/05 v1.2a Graphics/color driver for pdftex
))
\Gin@req@height=\dimen139
\Gin@req@width=\dimen140
)
(C:\Users\danio\AppData\Local\Programs\MiKTeX\tex/latex/chngcntr\chngcntr.sty
Package: chngcntr 2018/04/09 v1.1a change counter resetting
Package chngcntr Info: \counterwithout already defined.
(chngcntr)             Quitting chngcntr on input line 21.
)
(C:\Users\danio\AppData\Local\Programs\MiKTeX\tex/latex/listings\listings.sty
\lst@mode=\count380
\lst@gtempboxa=\box47
\lst@token=\toks16
\lst@length=\count381
\lst@currlwidth=\dimen141
\lst@column=\count382
\lst@pos=\count383
\lst@lostspace=\dimen142
\lst@width=\dimen143
\lst@newlines=\count384
\lst@lineno=\count385
\lst@maxwidth=\dimen144

(C:\Users\danio\AppData\Local\Programs\MiKTeX\tex/latex/listings\lstmisc.sty
File: lstmisc.sty 2020/03/24 1.8d (Carsten Heinz)
\c@lstnumber=\count386
\lst@skipnumbers=\count387
\lst@framebox=\box48
)
(C:\Users\danio\AppData\Local\Programs\MiKTeX\tex/latex/listings\listings.cfg
File: listings.cfg 2020/03/24 1.8d listings configuration
))
Package: listings 2020/03/24 1.8d (Carsten Heinz)
(C:\Users\danio\AppData\Local\Programs\MiKTeX\tex/latex/graphics\color.sty
Package: color 2020/02/24 v1.2b Standard LaTeX Color (DPC)

(C:\Users\danio\AppData\Local\Programs\MiKTeX\tex/latex/graphics-cfg\color.cfg
File: color.cfg 2016/01/02 v1.6 sample color configuration
)
Package color Info: Driver file: pdftex.def on input line 147.
)
\@quotelevel=\count388
\@quotereset=\count389

(C:\Users\danio\AppData\Local\Programs\MiKTeX\tex/latex/l3backend\l3backend-pdf
tex.def
File: l3backend-pdftex.def 2021-03-02 L3 backend support: PDF output (pdfTeX)
\l__color_backend_stack_int=\count390
\l__pdf_internal_box=\box49
) (ip6-thesis-palim-palim.aux)
\openout1 = `ip6-thesis-palim-palim.aux'.

LaTeX Font Info:    Checking defaults for OML/cmm/m/it on input line 56.
LaTeX Font Info:    ... okay on input line 56.
LaTeX Font Info:    Checking defaults for OMS/cmsy/m/n on input line 56.
LaTeX Font Info:    ... okay on input line 56.
LaTeX Font Info:    Checking defaults for OT1/cmr/m/n on input line 56.
LaTeX Font Info:    ... okay on input line 56.
LaTeX Font Info:    Checking defaults for T1/cmr/m/n on input line 56.
LaTeX Font Info:    ... okay on input line 56.
LaTeX Font Info:    Checking defaults for TS1/cmr/m/n on input line 56.
LaTeX Font Info:    ... okay on input line 56.
LaTeX Font Info:    Checking defaults for OMX/cmex/m/n on input line 56.
LaTeX Font Info:    ... okay on input line 56.
LaTeX Font Info:    Checking defaults for U/cmr/m/n on input line 56.
LaTeX Font Info:    ... okay on input line 56.
Package biblatex Info: Trying to load language 'german'...
Package biblatex Info: ... file 'german.lbx' found.

(C:\Users\danio\AppData\Local\Programs\MiKTeX\tex/latex/biblatex/lbx\german.lbx
File: german.lbx 2020/12/31 v3.16 biblatex localization (PK/MW)
)
Package biblatex Info: Input encoding 'utf8' detected.
Package biblatex Info: Automatic encoding selection.
(biblatex)             Assuming data encoding 'utf8'.
Package biblatex Info: Input encoding 'utf8' specified.
Package biblatex Info: Data encoding 'utf8' specified.
(biblatex)             No need to reencode data.
Package biblatex Info: Document encoding is UTF8 ....
 (C:\Users\danio\AppData\Local\Programs\MiKTeX\tex/latex/l3kernel\expl3.sty
Package: expl3 2021-02-18 L3 programming layer (loader) 
)
Package biblatex Info: ... and expl3
(biblatex)             2021-02-18 L3 programming layer (loader) 
(biblatex)             is new enough (at least 2020/04/06),
(biblatex)             setting 'casechanger=expl3'.

(C:\Users\danio\AppData\Local\Programs\MiKTeX\tex/latex/biblatex\blx-case-expl3
.sty
(C:\Users\danio\AppData\Local\Programs\MiKTeX\tex/latex/l3packages/xparse\xpars
e.sty
Package: xparse 2020-10-27 L3 Experimental document command parser

(C:\Users\danio\AppData\Local\Programs\MiKTeX\tex/latex/l3packages/xparse\xpars
e-generic.tex))
Package: blx-case-expl3 2020/12/31 v3.16 expl3 case changing code for biblatex
)
\openout3 = `ip6-thesis-palim-palim-blx.bib'.

Package biblatex Info: Trying to load bibliographic data...
Package biblatex Info: ... file 'ip6-thesis-palim-palim.bbl' found.
 (ip6-thesis-palim-palim.bbl)
Package biblatex Info: Reference section=0 on input line 56.
Package biblatex Info: Reference segment=0 on input line 56.

(C:\Users\danio\AppData\Local\Programs\MiKTeX\tex/context/base/mkii\supp-pdf.mk
ii
[Loading MPS to PDF converter (version 2006.09.02).]
\scratchcounter=\count391
\scratchdimen=\dimen145
\scratchbox=\box50
\nofMPsegments=\count392
\nofMParguments=\count393
\everyMPshowfont=\toks17
\MPscratchCnt=\count394
\MPscratchDim=\dimen146
\MPnumerator=\count395
\makeMPintoPDFobject=\count396
\everyMPtoPDFconversion=\toks18
)
(C:\Users\danio\AppData\Local\Programs\MiKTeX\tex/latex/epstopdf-pkg\epstopdf-b
ase.sty
Package: epstopdf-base 2020-01-24 v2.11 Base part for package epstopdf
Package epstopdf-base Info: Redefining graphics rule for `.eps' on input line 4
85.
)
\c@lstlisting=\count397
 [1

{C:/Users/danio/AppData/Local/MiKTeX/pdftex/config/pdftex.map}]
Underfull \hbox (badness 10000) in paragraph at lines 67--72

 []


Underfull \hbox (badness 10000) in paragraph at lines 73--88

 []


Underfull \hbox (badness 10000) in paragraph at lines 73--88

 []

[1

]
Underfull \hbox (badness 10000) in paragraph at lines 92--95

 []

[2] [1] (ip6-thesis-palim-palim.toc
LaTeX Font Info:    External font `cmex10' loaded for size
(Font)              <12> on input line 39.
LaTeX Font Info:    External font `cmex10' loaded for size
(Font)              <8> on input line 39.
LaTeX Font Info:    External font `cmex10' loaded for size
(Font)              <6> on input line 39.
 [1

])
\tf@toc=\write4
\openout4 = `ip6-thesis-palim-palim.toc'.

 [2]
Chapter 1.

Underfull \hbox (badness 10000) in paragraph at lines 141--143

 []

[3

]
Underfull \hbox (badness 10000) in paragraph at lines 154--159

 []


Underfull \hbox (badness 10000) in paragraph at lines 154--159

 []


Overfull \hbox (2.8251pt too wide) in paragraph at lines 154--159
\OT1/cmr/m/n/12 Erganzend zum Video-Telefonie-Aspekt gibt es bere-its viel Lit
-er-atur bezuglich
 []


Underfull \hbox (badness 10000) in paragraph at lines 154--159

 []


Underfull \hbox (badness 10000) in paragraph at lines 154--159

 []


Overfull \hbox (6.50653pt too wide) in paragraph at lines 154--159
\OT1/cmr/m/n/12 Spiels wird. An-schliessend wur-den mit allen Vari-anten Spiel-
tests durchgefuhrt,
 []

[4] [5]
Chapter 2.

Overfull \hbox (0.34482pt too wide) in paragraph at lines 171--171
[]\OT1/cmr/m/it/12 Beschreibung des Um-felds / An-wen-dungs-domane (be-tagte P
er-so-nen und
 []


Underfull \hbox (badness 10000) in paragraph at lines 172--173

 []

[6

]
Chapter 3.
[7

]
Chapter 4.
[8

]
Chapter 5.

Underfull \hbox (badness 10000) in paragraph at lines 200--201

 []


Overfull \hbox (6.73328pt too wide) in paragraph at lines 203--205
\OT1/cmr/bx/n/12 Wie lasst sich Video-Telefonie mit Video-Spielen kom-binieren
, damit
 []


Overfull \hbox (3.85579pt too wide) in paragraph at lines 206--206
[]\OT1/cmr/bx/n/17.28 Einzelfragen im the-ma-tis-chen Zusam-men-
 []

[9

] [10] [11]
Chapter 6.
[12

]
Chapter 7.

Overfull \hbox (10.08575pt too wide) in paragraph at lines 251--251
[]\OT1/cmr/bx/n/17.28 Planung und Durchfuhrung der Spieletests 
 []


Overfull \hbox (1.9427pt too wide) in paragraph at lines 256--256
[]\OT1/cmr/m/it/12 Organisation der Spieletests (Auf-bau, Ablauf, Test-per-so-n
en, Test-szenar-
 []


Underfull \hbox (badness 10000) in paragraph at lines 258--262

 []


Underfull \hbox (badness 10000) in paragraph at lines 258--262

 []


Underfull \hbox (badness 10000) in paragraph at lines 258--262

 []

[13

] [14]
Chapter 8.

Underfull \hbox (badness 10000) in paragraph at lines 267--271

 []


Underfull \hbox (badness 10000) in paragraph at lines 267--271

 []


Underfull \hbox (badness 10000) in paragraph at lines 267--271

 []

[15

] [16]
Chapter 9.

Overfull \hbox (4.12184pt too wide) in paragraph at lines 288--291
\OT1/cmr/m/n/12 den Clients und dem Signaling-Server. Mit seinem in-te-gri-erte
n Room-Konzept
 []


Underfull \hbox (badness 10000) in paragraph at lines 288--291

 []

[17

]
LaTeX Font Info:    Font shape `OT1/cmtt/bx/n' in size <10> not available
(Font)              Font shape `OT1/cmtt/m/n' tried instead on input line 292.
<./images//WebRTC_nat_stun_firewall_turn_black.png, id=73, 635.7351pt x 331.478
4pt>
File: ./images//WebRTC_nat_stun_firewall_turn_black.png Graphic file (type png)

<use ./images//WebRTC_nat_stun_firewall_turn_black.png>
Package pdftex.def Info: ./images//WebRTC_nat_stun_firewall_turn_black.png  use
d on input line 316.
(pdftex.def)             Requested size: 390.0pt x 203.34967pt.

Overfull \hbox (3.29964pt too wide) in paragraph at lines 314--319
\OT1/cmr/m/n/12 di-rekte Verbindung ausfallt. Als Teil dieses Prozesses ver-we
n-det die WebRTC-
 []


Overfull \hbox (2.53345pt too wide) in paragraph at lines 314--319
\OT1/cmr/m/n/12 Relay-Server fungieren, falls die Peer-to-Peer-Kommunikation fe
hlschlagt [15].
 []

[18]
Underfull \hbox (badness 10000) in paragraph at lines 320--321

 []


Overfull \hbox (1.78067pt too wide) in paragraph at lines 322--324
[]\OT1/cmr/m/n/12 Als Fallback-Verbindungen wird allerd-ings beim pro-duk-tiven
 Be-trieb einer
 []


Overfull \hbox (13.71805pt too wide) in paragraph at lines 322--324
\OT1/cmr/m/n/12 WebRTC-Applikation unbe-d-ingt ein eigener TURN-Server mit eine
r offentlichen
 []


Underfull \hbox (badness 10000) in paragraph at lines 322--324

 []


Overfull \hbox (0.57513pt too wide) in paragraph at lines 325--326
\OT1/cmr/m/n/12 Dazu ubermittelt jeder Palim-Palim-Client beim Verbindungsauf-
bau fol-gende
 []

[19 <./images//WebRTC_nat_stun_firewall_turn_black.png>]
Overfull \hbox (23.91376pt too wide) in paragraph at lines 344--348
\OT1/cmr/m/n/12 Ses-sion, so-dass nie-mand die Nachricht ohne die richti-gen Ve
r-schlusselungsschlussel
 []

[20]
Overfull \hbox (15.58008pt too wide) in paragraph at lines 353--354
\OT1/cmr/m/n/12 wurde dies aber an-ders gelost. Das Spiel nutzt seine Peer-To-
Peer-Funktionalitat
 []


Overfull \hbox (8.6946pt too wide) in paragraph at lines 357--358
\OT1/cmr/m/n/12 Eigen-schaft von UDP ist, dass die Rei-hen-folge der []Ubertrag
ung nicht garantiert
 []

[21] [22]
Chapter 10.
[23

]
Chapter 11.
[24

]
Overfull \hbox (9.36214pt too wide) in paragraph at lines 392--392
[]\OT1/cmr/m/n/12 Marco Sol-dati. \OT1/cmr/m/it/12 FHNW Myosotis-Garden\OT1/cmr
/m/n/12 . FHNW Myosotis-Garden. 2015.
 []


Overfull \hbox (7.36456pt too wide) in paragraph at lines 392--392
[]\OT1/cmr/m/n/12 2021. \OT1/cmr/m/sc/12 url\OT1/cmr/m/n/12 : $\OT1/cmtt/m/n/12
 https : / / www . w3 . org / TR / webrtc/$ \OT1/cmr/m/n/12 ([]be-sucht am []14
.06.2021). 
 []


Overfull \hbox (9.87445pt too wide) in paragraph at lines 392--392
[]\OT1/cmr/m/it/12 WebRTC Dat-aChan-nel\OT1/cmr/m/n/12 . We-bRTC. \OT1/cmr/m/sc
/12 url\OT1/cmr/m/n/12 : $\OT1/cmtt/m/n/12 https : / / webrtc . org / getting -
[]
 []

LaTeX Font Info:    Trying to load font information for OMS+cmr on input line 3
92.
(C:\Users\danio\AppData\Local\Programs\MiKTeX\tex/latex/base\omscmr.fd
File: omscmr.fd 2019/12/16 v2.5j Standard LaTeX font definitions
)
LaTeX Font Info:    Font shape `OMS/cmr/m/it' in size <12> not available
(Font)              Font shape `OMS/cmsy/m/n' tried instead on input line 392.

Overfull \hbox (13.8352pt too wide) in paragraph at lines 392--392
[]\OT1/cmr/m/it/12 TURN-Server\OT1/cmr/m/n/12 . We-bRTC. \OT1/cmr/m/sc/12 url\O
T1/cmr/m/n/12 : $\OT1/cmtt/m/n/12 https : / / webrtc . org / getting -[] starte
d /
 []


Overfull \hbox (1.66017pt too wide) in paragraph at lines 392--392
[]\OT1/cmr/m/it/12 coturn/coturn\OT1/cmr/m/n/12 . original-date: 2015-07-17T08:
15:16Z. 14. []Juni []2021. \OT1/cmr/m/sc/12 url\OT1/cmr/m/n/12 :
 []

[25]
Appendix A.
[26

]
Appendix B.
[27

] (ip6-thesis-palim-palim.aux)
Package logreq Info: Writing requests to 'ip6-thesis-palim-palim.run.xml'.
\openout1 = `ip6-thesis-palim-palim.run.xml'.

 ) 
Here is how much of TeX's memory you used:
 10860 strings out of 479334
 198245 string characters out of 2857084
 766163 words of memory out of 3000000
 28224 multiletter control sequences out of 15000+200000
 410348 words of font info for 50 fonts, out of 3000000 for 9000
 1143 hyphenation exceptions out of 8191
 68i,7n,74p,1869b,1253s stack positions out of 5000i,500n,10000p,200000b,50000s
 <C:\Users\danio\AppData\Local\MiKTeX\fonts/pk/ljfour/jknappen/ec/dpi600\tcti
1200.pk> <C:\Users\danio\AppData\Local\MiKTeX\fonts/pk/ljfour/jknappen/ec/dpi60
0\tcrm1200.pk><C:/Users/danio/AppData/Local/Programs/MiKTeX/fonts/type1/public/
amsfonts/cm/cmbx12.pfb><C:/Users/danio/AppData/Local/Programs/MiKTeX/fonts/type
1/public/amsfonts/cm/cmbxti10.pfb><C:/Users/danio/AppData/Local/Programs/MiKTeX
/fonts/type1/public/amsfonts/cm/cmcsc10.pfb><C:/Users/danio/AppData/Local/Progr
ams/MiKTeX/fonts/type1/public/amsfonts/cm/cmr10.pfb><C:/Users/danio/AppData/Loc
al/Programs/MiKTeX/fonts/type1/public/amsfonts/cm/cmr12.pfb><C:/Users/danio/App
Data/Local/Programs/MiKTeX/fonts/type1/public/amsfonts/cm/cmsy10.pfb><C:/Users/
danio/AppData/Local/Programs/MiKTeX/fonts/type1/public/amsfonts/cm/cmti12.pfb><
C:/Users/danio/AppData/Local/Programs/MiKTeX/fonts/type1/public/amsfonts/cm/cmt
t10.pfb><C:/Users/danio/AppData/Local/Programs/MiKTeX/fonts/type1/public/amsfon
ts/cm/cmtt12.pfb>
Output written on ip6-thesis-palim-palim.pdf (31 pages, 347410 bytes).
PDF statistics:
 151 PDF objects out of 1000 (max. 8388607)
 0 named destinations out of 1000 (max. 500000)
 6 words of extra memory for PDF output out of 10000 (max. 10000000)

